<?xml version="1.0" encoding="UTF-8"?>
<!-- Generated by org.testng.reporters.JUnitReportReporter -->
<testsuite hostname="DESKTOP-0K6B6MK" failures="0" tests="4" name="basics.HttpMethods" time="4.852" errors="0" timestamp="2023-01-09T23:53:27 IST" skipped="0">
  <testcase classname="basics.HttpMethods" name="getUser" time="3.144"/>
  <system-out/>
  <testcase classname="basics.HttpMethods" name="createUser" time="0.860"/>
  <system-out/>
  <testcase classname="basics.HttpMethods" name="updateUser" time="0.407"/>
  <system-out/>
  <testcase classname="basics.HttpMethods" name="deleteUser" time="0.441"/>
  <system-out/>
</testsuite> <!-- basics.HttpMethods -->
