<?xml version="1.0" encoding="UTF-8"?>
<!-- Generated by org.testng.reporters.JUnitReportReporter -->
<testsuite hostname="DESKTOP-0K6B6MK" failures="0" tests="1" name="basics.CookiesInfo" time="2.853" errors="0" timestamp="2023-01-16T08:30:55 IST" skipped="0">
  <testcase classname="basics.CookiesInfo" name="getSigleCookie" time="2.853"/>
  <system-out/>
</testsuite> <!-- basics.CookiesInfo -->
