<?xml version="1.0" encoding="UTF-8"?>
<!-- Generated by org.testng.reporters.JUnitReportReporter -->
<testsuite hostname="DESKTOP-0K6B6MK" failures="0" tests="4" name="basics.HttpMethods" time="5.933" errors="0" timestamp="2023-01-17T08:15:29 IST" skipped="0">
  <testcase classname="basics.HttpMethods" name="getUser" time="4.155"/>
  <system-out/>
  <testcase classname="basics.HttpMethods" name="createUser" time="0.856"/>
  <system-out/>
  <testcase classname="basics.HttpMethods" name="updateUser" time="0.516"/>
  <system-out/>
  <testcase classname="basics.HttpMethods" name="deleteUser" time="0.406"/>
  <system-out/>
</testsuite> <!-- basics.HttpMethods -->
