<?xml version="1.0" encoding="UTF-8"?>
<!-- Generated by org.testng.reporters.JUnitReportReporter -->
<testsuite hostname="DESKTOP-0K6B6MK" failures="0" tests="3" name="basics.GetMethod" time="4.418" errors="0" timestamp="2023-01-09T10:57:48 IST" skipped="0">
  <testcase classname="basics.GetMethod" name="getUser" time="3.263"/>
  <system-out/>
  <testcase classname="basics.GetMethod" name="postUser" time="0.749"/>
  <system-out/>
  <testcase classname="basics.GetMethod" name="updateUser" time="0.406"/>
  <system-out/>
</testsuite> <!-- basics.GetMethod -->
