<?xml version="1.0" encoding="UTF-8"?>
<!-- Generated by org.testng.reporters.JUnitReportReporter -->
<testsuite hostname="DESKTOP-0K6B6MK" failures="0" tests="4" name="basics.HeadersInfo" time="2.893" errors="0" timestamp="2023-01-17T08:15:29 IST" skipped="0">
  <testcase classname="basics.HeadersInfo" name="validateHeaders" time="0.647"/>
  <system-out/>
  <testcase classname="basics.HeadersInfo" name="getSingleHeader" time="0.934"/>
  <system-out/>
  <testcase classname="basics.HeadersInfo" name="getListHeader" time="0.658"/>
  <system-out/>
  <testcase classname="basics.HeadersInfo" name="getHeaders" time="0.654"/>
  <system-out/>
</testsuite> <!-- basics.HeadersInfo -->
