<?xml version="1.0" encoding="UTF-8"?>
<!-- Generated by org.testng.reporters.JUnitReportReporter -->
<testsuite hostname="DESKTOP-0K6B6MK" failures="0" tests="1" name="basics.PostMethodBodyMethods" time="3.893" errors="0" timestamp="2023-01-09T23:23:48 IST" skipped="0">
  <testcase classname="basics.PostMethodBodyMethods" name="createUserbyHashMap" time="3.893"/>
  <system-out/>
</testsuite> <!-- basics.PostMethodBodyMethods -->
