<?xml version="1.0" encoding="UTF-8"?>
<!-- Generated by org.testng.reporters.JUnitReportReporter -->
<testsuite hostname="DESKTOP-0K6B6MK" failures="0" tests="4" name="basics.PostBody" time="4.267" errors="0" timestamp="2023-01-16T07:28:44 IST" skipped="0">
  <testcase classname="basics.PostBody" name="postByPOJO" time="0.407"/>
  <system-out/>
  <testcase classname="basics.PostBody" name="postByJSONObj" time="0.376"/>
  <system-out/>
  <testcase classname="basics.PostBody" name="postByExternalJsonFile" time="2.814"/>
  <system-out/>
  <testcase classname="basics.PostBody" name="postByHashMap" time="0.670"/>
  <system-out/>
</testsuite> <!-- basics.PostBody -->
