<?xml version="1.0" encoding="UTF-8"?>
<!-- Generated by org.testng.reporters.JUnitReportReporter -->
<testsuite hostname="DESKTOP-0K6B6MK" failures="0" tests="4" name="basics.HttpMethods" time="4.814" errors="0" timestamp="2023-01-09T11:05:24 IST" skipped="0">
  <testcase classname="basics.HttpMethods" name="getUser" time="3.210"/>
  <system-out/>
  <testcase classname="basics.HttpMethods" name="createUser" time="0.788"/>
  <system-out/>
  <testcase classname="basics.HttpMethods" name="updateUser" time="0.408"/>
  <system-out/>
  <testcase classname="basics.HttpMethods" name="deleteUser" time="0.408"/>
  <system-out/>
</testsuite> <!-- basics.HttpMethods -->
