<?xml version="1.0" encoding="UTF-8"?>
<!-- Generated by org.testng.reporters.JUnitReportReporter -->
<testsuite hostname="DESKTOP-0K6B6MK" failures="0" tests="3" name="basics.CookiesInfo" time="2.203" errors="0" timestamp="2023-01-17T08:15:29 IST" skipped="0">
  <testcase classname="basics.CookiesInfo" name="getSingleCookie" time="0.651"/>
  <system-out/>
  <testcase classname="basics.CookiesInfo" name="getListofCookies" time="0.656"/>
  <system-out/>
  <testcase classname="basics.CookiesInfo" name="getUser" time="0.896"/>
  <system-out/>
</testsuite> <!-- basics.CookiesInfo -->
