<?xml version="1.0" encoding="UTF-8"?>
<!-- Generated by org.testng.reporters.JUnitReportReporter -->
<testsuite hostname="DESKTOP-0K6B6MK" failures="0" tests="1" name="parsing.JsonBodyParsing" time="2.484" errors="0" timestamp="2023-01-18T08:08:57 IST" skipped="0">
  <testcase classname="parsing.JsonBodyParsing" name="JsonObject1" time="2.484"/>
  <system-out/>
</testsuite> <!-- parsing.JsonBodyParsing -->
