<?xml version="1.0" encoding="UTF-8"?>
<!-- Generated by org.testng.reporters.JUnitReportReporter -->
<testsuite hostname="DESKTOP-0K6B6MK" failures="0" tests="1" name="basics.QueryandPathParam" time="3.394" errors="0" timestamp="2023-01-16T08:02:02 IST" skipped="0">
  <testcase classname="basics.QueryandPathParam" name="getUser" time="3.394"/>
  <system-out/>
</testsuite> <!-- basics.QueryandPathParam -->
