<?xml version="1.0" encoding="UTF-8"?>
<!-- Generated by org.testng.reporters.JUnitReportReporter -->
<testsuite hostname="DESKTOP-0K6B6MK" failures="0" tests="4" name="basics.PostBody" time="1.608" errors="0" timestamp="2023-01-17T08:15:29 IST" skipped="0">
  <testcase classname="basics.PostBody" name="postByHashMap" time="0.376"/>
  <system-out/>
  <testcase classname="basics.PostBody" name="postByJSONObj" time="0.391"/>
  <system-out/>
  <testcase classname="basics.PostBody" name="postByPOJO" time="0.444"/>
  <system-out/>
  <testcase classname="basics.PostBody" name="postByExternalJsonFile" time="0.397"/>
  <system-out/>
</testsuite> <!-- basics.PostBody -->
